2014/04/23 16:18:26 [error] [php] include(Project.php): failed to open stream: No such file or directory (/home/httpd/vhosts/yiiframework/1.1.14/framework/YiiBase.php:427)
Stack trace:
#0 /home/httpd/vhosts/projmgmt/protected/controllers/ProjectsController.php(119): spl_autoload_call()
#1 /home/httpd/vhosts/yiiframework/1.1.14/framework/web/actions/CInlineAction.php(49): ProjectsController->actionUpdate()
#2 /home/httpd/vhosts/yiiframework/1.1.14/framework/web/CController.php(308): CInlineAction->runWithParams()
#3 /home/httpd/vhosts/yiiframework/1.1.14/framework/web/CController.php(286): ProjectsController->runAction()
#4 /home/httpd/vhosts/yiiframework/1.1.14/framework/web/CController.php(265): ProjectsController->runActionWithFilters()
#5 /home/httpd/vhosts/yiiframework/1.1.14/framework/web/CWebApplication.php(282): ProjectsController->run()
#6 /home/httpd/vhosts/yiiframework/1.1.14/framework/web/CWebApplication.php(141): CWebApplication->runController()
#7 /home/httpd/vhosts/yiiframework/1.1.14/framework/base/CApplication.php(180): CWebApplication->processRequest()
#8 /home/httpd/vhosts/projmgmt/index.php(15): CWebApplication->run()
REQUEST_URI=/projmgmt/projects/update?project_id=&name=sample&code=SAMPL&description=Sample%20description&status=ACTIVE&production_date=1994-03-03&termination_date=1995-03-03
in /home/httpd/vhosts/projmgmt/protected/controllers/ProjectsController.php (119)
in /home/httpd/vhosts/projmgmt/index.php (15)
2014/04/23 16:22:05 [error] [exception.CDbException] exception 'CDbException' with message 'The active record cannot be inserted to database because it is not new.' in /home/httpd/vhosts/yiiframework/1.1.14/framework/db/ar/CActiveRecord.php:1070
Stack trace:
#0 /home/httpd/vhosts/projmgmt/protected/controllers/ProjectsController.php(134): CActiveRecord->insert(Array)
#1 /home/httpd/vhosts/yiiframework/1.1.14/framework/web/actions/CInlineAction.php(49): ProjectsController->actionUpdate()
#2 /home/httpd/vhosts/yiiframework/1.1.14/framework/web/CController.php(308): CInlineAction->runWithParams(Array)
#3 /home/httpd/vhosts/yiiframework/1.1.14/framework/web/CController.php(286): CController->runAction(Object(CInlineAction))
#4 /home/httpd/vhosts/yiiframework/1.1.14/framework/web/CController.php(265): CController->runActionWithFilters(Object(CInlineAction), Array)
#5 /home/httpd/vhosts/yiiframework/1.1.14/framework/web/CWebApplication.php(282): CController->run('update')
#6 /home/httpd/vhosts/yiiframework/1.1.14/framework/web/CWebApplication.php(141): CWebApplication->runController('projects/update')
#7 /home/httpd/vhosts/yiiframework/1.1.14/framework/base/CApplication.php(180): CWebApplication->processRequest()
#8 /home/httpd/vhosts/projmgmt/index.php(15): CApplication->run()
#9 {main}
REQUEST_URI=/projmgmt/projects/update?project_id=&name=sample&code=SAMPL&description=Sample%20description&status=ACTIVE&production_date=1994-03-03&termination_date=1995-03-03
---
2014/04/23 16:32:17 [error] [php] Undefined index: date_created (/home/httpd/vhosts/projmgmt/protected/controllers/ProjectsController.php:127)
Stack trace:
#0 /home/httpd/vhosts/yiiframework/1.1.14/framework/web/CController.php(286): ProjectsController->runAction()
#1 /home/httpd/vhosts/yiiframework/1.1.14/framework/web/CController.php(265): ProjectsController->runActionWithFilters()
#2 /home/httpd/vhosts/yiiframework/1.1.14/framework/web/CWebApplication.php(282): ProjectsController->run()
#3 /home/httpd/vhosts/yiiframework/1.1.14/framework/web/CWebApplication.php(141): CWebApplication->runController()
#4 /home/httpd/vhosts/yiiframework/1.1.14/framework/base/CApplication.php(180): CWebApplication->processRequest()
#5 /home/httpd/vhosts/projmgmt/index.php(15): CWebApplication->run()
REQUEST_URI=/projmgmt/projects/update?project_id=&name=sample&code=SMPLE&description=Sample%20description&status=ACTIVE&production_date=1994-03-03&termination_date=1995-03-03
in /home/httpd/vhosts/projmgmt/protected/controllers/ProjectsController.php (127)
in /home/httpd/vhosts/projmgmt/index.php (15)
2014/04/23 16:32:42 [error] [system.db.CDbCommand] CDbCommand::execute() failed: SQLSTATE[42000]: Syntax error or access violation: 1064 You have an error in your SQL syntax; check the manual that corresponds to your MySQL server version for the right syntax to use near '' at line 1. The SQL statement executed was: INSERT INTO projects (name, code, description, production_date, termination_date, date_created, date_updated).
in /home/httpd/vhosts/projmgmt/protected/controllers/ProjectsController.php (130)
in /home/httpd/vhosts/projmgmt/index.php (15)
2014/04/23 16:32:42 [error] [exception.CDbException] exception 'CDbException' with message 'CDbCommand failed to execute the SQL statement: SQLSTATE[42000]: Syntax error or access violation: 1064 You have an error in your SQL syntax; check the manual that corresponds to your MySQL server version for the right syntax to use near '' at line 1. The SQL statement executed was: INSERT INTO projects (name, code, description, production_date, termination_date, date_created, date_updated)' in /home/httpd/vhosts/yiiframework/1.1.14/framework/db/CDbCommand.php:358
Stack trace:
#0 /home/httpd/vhosts/projmgmt/protected/controllers/ProjectsController.php(130): CDbCommand->execute(Array)
#1 /home/httpd/vhosts/yiiframework/1.1.14/framework/web/actions/CInlineAction.php(49): ProjectsController->actionUpdate()
#2 /home/httpd/vhosts/yiiframework/1.1.14/framework/web/CController.php(308): CInlineAction->runWithParams(Array)
#3 /home/httpd/vhosts/yiiframework/1.1.14/framework/web/CController.php(286): CController->runAction(Object(CInlineAction))
#4 /home/httpd/vhosts/yiiframework/1.1.14/framework/web/CController.php(265): CController->runActionWithFilters(Object(CInlineAction), Array)
#5 /home/httpd/vhosts/yiiframework/1.1.14/framework/web/CWebApplication.php(282): CController->run('update')
#6 /home/httpd/vhosts/yiiframework/1.1.14/framework/web/CWebApplication.php(141): CWebApplication->runController('projects/update')
#7 /home/httpd/vhosts/yiiframework/1.1.14/framework/base/CApplication.php(180): CWebApplication->processRequest()
#8 /home/httpd/vhosts/projmgmt/index.php(15): CApplication->run()
#9 {main}
REQUEST_URI=/projmgmt/projects/update?project_id=&name=sample&code=SMPLE&description=Sample%20description&status=ACTIVE&production_date=1994-03-03&termination_date=1995-03-03
---
2014/04/23 16:33:37 [error] [system.db.CDbCommand] CDbCommand::execute() failed: SQLSTATE[42000]: Syntax error or access violation: 1064 You have an error in your SQL syntax; check the manual that corresponds to your MySQL server version for the right syntax to use near '' at line 1. The SQL statement executed was: INSERT INTO projects (name, code, description, status, production_date, termination_date, date_created, date_updated).
in /home/httpd/vhosts/projmgmt/protected/controllers/ProjectsController.php (130)
in /home/httpd/vhosts/projmgmt/index.php (15)
2014/04/23 16:33:37 [error] [exception.CDbException] exception 'CDbException' with message 'CDbCommand failed to execute the SQL statement: SQLSTATE[42000]: Syntax error or access violation: 1064 You have an error in your SQL syntax; check the manual that corresponds to your MySQL server version for the right syntax to use near '' at line 1. The SQL statement executed was: INSERT INTO projects (name, code, description, status, production_date, termination_date, date_created, date_updated)' in /home/httpd/vhosts/yiiframework/1.1.14/framework/db/CDbCommand.php:358
Stack trace:
#0 /home/httpd/vhosts/projmgmt/protected/controllers/ProjectsController.php(130): CDbCommand->execute(Array)
#1 /home/httpd/vhosts/yiiframework/1.1.14/framework/web/actions/CInlineAction.php(49): ProjectsController->actionUpdate()
#2 /home/httpd/vhosts/yiiframework/1.1.14/framework/web/CController.php(308): CInlineAction->runWithParams(Array)
#3 /home/httpd/vhosts/yiiframework/1.1.14/framework/web/CController.php(286): CController->runAction(Object(CInlineAction))
#4 /home/httpd/vhosts/yiiframework/1.1.14/framework/web/CController.php(265): CController->runActionWithFilters(Object(CInlineAction), Array)
#5 /home/httpd/vhosts/yiiframework/1.1.14/framework/web/CWebApplication.php(282): CController->run('update')
#6 /home/httpd/vhosts/yiiframework/1.1.14/framework/web/CWebApplication.php(141): CWebApplication->runController('projects/update')
#7 /home/httpd/vhosts/yiiframework/1.1.14/framework/base/CApplication.php(180): CWebApplication->processRequest()
#8 /home/httpd/vhosts/projmgmt/index.php(15): CApplication->run()
#9 {main}
REQUEST_URI=/projmgmt/projects/update?project_id=&name=sample&code=SMPLE&description=Sample%20description&status=ACTIVE&production_date=1994-03-03&termination_date=1995-03-03
---
2014/04/23 17:36:43 [error] [exception.CHttpException.400] exception 'CHttpException' with message 'The CSRF token could not be verified.' in /home/httpd/vhosts/yiiframework/1.1.14/framework/web/CHttpRequest.php:1247
Stack trace:
#0 /home/httpd/vhosts/yiiframework/1.1.14/framework/base/CComponent.php(561): CHttpRequest->validateCsrfToken(Object(CEvent))
#1 /home/httpd/vhosts/yiiframework/1.1.14/framework/base/CApplication.php(207): CComponent->raiseEvent('onBeginRequest', Object(CEvent))
#2 /home/httpd/vhosts/yiiframework/1.1.14/framework/base/CApplication.php(178): CApplication->onBeginRequest(Object(CEvent))
#3 /home/httpd/vhosts/projmgmt/index.php(15): CApplication->run()
#4 {main}
REQUEST_URI=/projmgmt/projects/update
HTTP_REFERER=http://10.11.7.11/projmgmt/index.php/projects
---
2014/04/23 17:37:39 [error] [exception.CHttpException.400] exception 'CHttpException' with message 'The CSRF token could not be verified.' in /home/httpd/vhosts/yiiframework/1.1.14/framework/web/CHttpRequest.php:1247
Stack trace:
#0 /home/httpd/vhosts/yiiframework/1.1.14/framework/base/CComponent.php(561): CHttpRequest->validateCsrfToken(Object(CEvent))
#1 /home/httpd/vhosts/yiiframework/1.1.14/framework/base/CApplication.php(207): CComponent->raiseEvent('onBeginRequest', Object(CEvent))
#2 /home/httpd/vhosts/yiiframework/1.1.14/framework/base/CApplication.php(178): CApplication->onBeginRequest(Object(CEvent))
#3 /home/httpd/vhosts/projmgmt/index.php(15): CApplication->run()
#4 {main}
REQUEST_URI=/projmgmt/projects/update
HTTP_REFERER=http://10.11.7.11/projmgmt/index.php/projects
---
2014/04/23 18:37:47 [error] [exception.CHttpException.400] exception 'CHttpException' with message 'The CSRF token could not be verified.' in /home/httpd/vhosts/yiiframework/1.1.14/framework/web/CHttpRequest.php:1247
Stack trace:
#0 /home/httpd/vhosts/yiiframework/1.1.14/framework/base/CComponent.php(561): CHttpRequest->validateCsrfToken(Object(CEvent))
#1 /home/httpd/vhosts/yiiframework/1.1.14/framework/base/CApplication.php(207): CComponent->raiseEvent('onBeginRequest', Object(CEvent))
#2 /home/httpd/vhosts/yiiframework/1.1.14/framework/base/CApplication.php(178): CApplication->onBeginRequest(Object(CEvent))
#3 /home/httpd/vhosts/projmgmt/index.php(15): CApplication->run()
#4 {main}
REQUEST_URI=/projmgmt/projects/update
HTTP_REFERER=http://10.11.7.11/projmgmt/index.php/projects
---
2014/04/23 18:41:23 [error] [exception.CHttpException.400] exception 'CHttpException' with message 'The CSRF token could not be verified.' in /home/httpd/vhosts/yiiframework/1.1.14/framework/web/CHttpRequest.php:1247
Stack trace:
#0 /home/httpd/vhosts/yiiframework/1.1.14/framework/base/CComponent.php(561): CHttpRequest->validateCsrfToken(Object(CEvent))
#1 /home/httpd/vhosts/yiiframework/1.1.14/framework/base/CApplication.php(207): CComponent->raiseEvent('onBeginRequest', Object(CEvent))
#2 /home/httpd/vhosts/yiiframework/1.1.14/framework/base/CApplication.php(178): CApplication->onBeginRequest(Object(CEvent))
#3 /home/httpd/vhosts/projmgmt/index.php(15): CApplication->run()
#4 {main}
REQUEST_URI=/projmgmt/projects/update
HTTP_REFERER=http://10.11.7.11/projmgmt/index.php/projects
---
2014/04/23 18:58:08 [error] [exception.CHttpException.400] exception 'CHttpException' with message 'The CSRF token could not be verified.' in /home/httpd/vhosts/yiiframework/1.1.14/framework/web/CHttpRequest.php:1247
Stack trace:
#0 /home/httpd/vhosts/yiiframework/1.1.14/framework/base/CComponent.php(561): CHttpRequest->validateCsrfToken(Object(CEvent))
#1 /home/httpd/vhosts/yiiframework/1.1.14/framework/base/CApplication.php(207): CComponent->raiseEvent('onBeginRequest', Object(CEvent))
#2 /home/httpd/vhosts/yiiframework/1.1.14/framework/base/CApplication.php(178): CApplication->onBeginRequest(Object(CEvent))
#3 /home/httpd/vhosts/projmgmt/index.php(15): CApplication->run()
#4 {main}
REQUEST_URI=/projmgmt/projects/update
HTTP_REFERER=http://10.11.7.11/projmgmt/index.php/projects
---
2014/04/24 10:33:54 [error] [php] Undefined variable: view (/home/httpd/vhosts/projmgmt/protected/controllers/ProjectsController.php:51)
Stack trace:
#0 /home/httpd/vhosts/yiiframework/1.1.14/framework/web/CController.php(286): ProjectsController->runAction()
#1 /home/httpd/vhosts/yiiframework/1.1.14/framework/web/CController.php(265): ProjectsController->runActionWithFilters()
#2 /home/httpd/vhosts/yiiframework/1.1.14/framework/web/CWebApplication.php(282): ProjectsController->run()
#3 /home/httpd/vhosts/yiiframework/1.1.14/framework/web/CWebApplication.php(141): CWebApplication->runController()
#4 /home/httpd/vhosts/yiiframework/1.1.14/framework/base/CApplication.php(180): CWebApplication->processRequest()
#5 /home/httpd/vhosts/projmgmt/index.php(15): CWebApplication->run()
REQUEST_URI=/projmgmt/projects/list?page=1&name=&code=&status=
in /home/httpd/vhosts/projmgmt/protected/controllers/ProjectsController.php (51)
in /home/httpd/vhosts/projmgmt/index.php (15)
2014/04/24 10:34:35 [error] [php] Undefined variable: view (/home/httpd/vhosts/projmgmt/protected/controllers/ProjectsController.php:51)
Stack trace:
#0 /home/httpd/vhosts/yiiframework/1.1.14/framework/web/CController.php(286): ProjectsController->runAction()
#1 /home/httpd/vhosts/yiiframework/1.1.14/framework/web/CController.php(265): ProjectsController->runActionWithFilters()
#2 /home/httpd/vhosts/yiiframework/1.1.14/framework/web/CWebApplication.php(282): ProjectsController->run()
#3 /home/httpd/vhosts/yiiframework/1.1.14/framework/web/CWebApplication.php(141): CWebApplication->runController()
#4 /home/httpd/vhosts/yiiframework/1.1.14/framework/base/CApplication.php(180): CWebApplication->processRequest()
#5 /home/httpd/vhosts/projmgmt/index.php(15): CWebApplication->run()
REQUEST_URI=/projmgmt/projects/list?page=1&name=&code=&status=
in /home/httpd/vhosts/projmgmt/protected/controllers/ProjectsController.php (51)
in /home/httpd/vhosts/projmgmt/index.php (15)
2014/04/24 10:35:05 [error] [php] Undefined variable: view (/home/httpd/vhosts/projmgmt/protected/controllers/ProjectsController.php:51)
Stack trace:
#0 /home/httpd/vhosts/yiiframework/1.1.14/framework/web/CController.php(286): ProjectsController->runAction()
#1 /home/httpd/vhosts/yiiframework/1.1.14/framework/web/CController.php(265): ProjectsController->runActionWithFilters()
#2 /home/httpd/vhosts/yiiframework/1.1.14/framework/web/CWebApplication.php(282): ProjectsController->run()
#3 /home/httpd/vhosts/yiiframework/1.1.14/framework/web/CWebApplication.php(141): CWebApplication->runController()
#4 /home/httpd/vhosts/yiiframework/1.1.14/framework/base/CApplication.php(180): CWebApplication->processRequest()
#5 /home/httpd/vhosts/projmgmt/index.php(15): CWebApplication->run()
REQUEST_URI=/projmgmt/projects/list?page=1&name=&code=&status=
in /home/httpd/vhosts/projmgmt/protected/controllers/ProjectsController.php (51)
in /home/httpd/vhosts/projmgmt/index.php (15)
2014/04/24 10:36:09 [error] [php] Undefined variable: view (/home/httpd/vhosts/projmgmt/protected/controllers/ProjectsController.php:51)
Stack trace:
#0 /home/httpd/vhosts/yiiframework/1.1.14/framework/web/CController.php(286): ProjectsController->runAction()
#1 /home/httpd/vhosts/yiiframework/1.1.14/framework/web/CController.php(265): ProjectsController->runActionWithFilters()
#2 /home/httpd/vhosts/yiiframework/1.1.14/framework/web/CWebApplication.php(282): ProjectsController->run()
#3 /home/httpd/vhosts/yiiframework/1.1.14/framework/web/CWebApplication.php(141): CWebApplication->runController()
#4 /home/httpd/vhosts/yiiframework/1.1.14/framework/base/CApplication.php(180): CWebApplication->processRequest()
#5 /home/httpd/vhosts/projmgmt/index.php(15): CWebApplication->run()
REQUEST_URI=/projmgmt/projects/list?page=1&name=&code=&status=
in /home/httpd/vhosts/projmgmt/protected/controllers/ProjectsController.php (51)
in /home/httpd/vhosts/projmgmt/index.php (15)
2014/04/24 10:42:48 [error] [php] Undefined index: date_created (/home/httpd/vhosts/projmgmt/protected/controllers/ProjectsController.php:142)
Stack trace:
#0 /home/httpd/vhosts/yiiframework/1.1.14/framework/web/CController.php(286): ProjectsController->runAction()
#1 /home/httpd/vhosts/yiiframework/1.1.14/framework/web/CController.php(265): ProjectsController->runActionWithFilters()
#2 /home/httpd/vhosts/yiiframework/1.1.14/framework/web/CWebApplication.php(282): ProjectsController->run()
#3 /home/httpd/vhosts/yiiframework/1.1.14/framework/web/CWebApplication.php(141): CWebApplication->runController()
#4 /home/httpd/vhosts/yiiframework/1.1.14/framework/base/CApplication.php(180): CWebApplication->processRequest()
#5 /home/httpd/vhosts/projmgmt/index.php(15): CWebApplication->run()
REQUEST_URI=/projmgmt/projects/update?project_id=101&name=Sample%20Project%2001&code=PRO01&description=Description%20for%20project01&status=ACTIVE&production_date=2014-11-01&termination_date=2014-11-02
in /home/httpd/vhosts/projmgmt/protected/controllers/ProjectsController.php (142)
in /home/httpd/vhosts/projmgmt/index.php (15)
2014/04/24 10:44:54 [error] [php] Undefined index: date_created (/home/httpd/vhosts/projmgmt/protected/controllers/ProjectsController.php:142)
Stack trace:
#0 /home/httpd/vhosts/yiiframework/1.1.14/framework/web/CController.php(286): ProjectsController->runAction()
#1 /home/httpd/vhosts/yiiframework/1.1.14/framework/web/CController.php(265): ProjectsController->runActionWithFilters()
#2 /home/httpd/vhosts/yiiframework/1.1.14/framework/web/CWebApplication.php(282): ProjectsController->run()
#3 /home/httpd/vhosts/yiiframework/1.1.14/framework/web/CWebApplication.php(141): CWebApplication->runController()
#4 /home/httpd/vhosts/yiiframework/1.1.14/framework/base/CApplication.php(180): CWebApplication->processRequest()
#5 /home/httpd/vhosts/projmgmt/index.php(15): CWebApplication->run()
REQUEST_URI=/projmgmt/projects/update?project_id=101&name=Sample%20Project%2001&code=PRO01&description=Description%20for%20project01&status=ACTIVE&production_date=2014-11-01&termination_date=2014-11-02
in /home/httpd/vhosts/projmgmt/protected/controllers/ProjectsController.php (142)
in /home/httpd/vhosts/projmgmt/index.php (15)
2014/04/24 11:54:21 [error] [system.db.CDbCommand] CDbCommand::execute() failed: SQLSTATE[23000]: Integrity constraint violation: 1062 Duplicate entry 'SSS' for key 'code'. The SQL statement executed was: INSERT INTO `projects` (`name`, `code`, `description`, `status`, `production_date`, `termination_date`, `date_created`, `date_updated`) VALUES (:yp0, :yp1, :yp2, :yp3, :yp4, :yp5, :yp6, :yp7).
in /home/httpd/vhosts/projmgmt/protected/controllers/ProjectsController.php (122)
in /home/httpd/vhosts/projmgmt/index.php (15)
2014/04/24 11:54:21 [error] [exception.CDbException] exception 'CDbException' with message 'CDbCommand failed to execute the SQL statement: SQLSTATE[23000]: Integrity constraint violation: 1062 Duplicate entry 'SSS' for key 'code'. The SQL statement executed was: INSERT INTO `projects` (`name`, `code`, `description`, `status`, `production_date`, `termination_date`, `date_created`, `date_updated`) VALUES (:yp0, :yp1, :yp2, :yp3, :yp4, :yp5, :yp6, :yp7)' in /home/httpd/vhosts/yiiframework/1.1.14/framework/db/CDbCommand.php:358
Stack trace:
#0 /home/httpd/vhosts/yiiframework/1.1.14/framework/db/ar/CActiveRecord.php(1077): CDbCommand->execute()
#1 /home/httpd/vhosts/yiiframework/1.1.14/framework/db/ar/CActiveRecord.php(806): CActiveRecord->insert(NULL)
#2 /home/httpd/vhosts/projmgmt/protected/controllers/ProjectsController.php(122): CActiveRecord->save()
#3 /home/httpd/vhosts/yiiframework/1.1.14/framework/web/actions/CInlineAction.php(49): ProjectsController->actionUpdate()
#4 /home/httpd/vhosts/yiiframework/1.1.14/framework/web/CController.php(308): CInlineAction->runWithParams(Array)
#5 /home/httpd/vhosts/yiiframework/1.1.14/framework/web/CController.php(286): CController->runAction(Object(CInlineAction))
#6 /home/httpd/vhosts/yiiframework/1.1.14/framework/web/CController.php(265): CController->runActionWithFilters(Object(CInlineAction), Array)
#7 /home/httpd/vhosts/yiiframework/1.1.14/framework/web/CWebApplication.php(282): CController->run('update')
#8 /home/httpd/vhosts/yiiframework/1.1.14/framework/web/CWebApplication.php(141): CWebApplication->runController('projects/update')
#9 /home/httpd/vhosts/yiiframework/1.1.14/framework/base/CApplication.php(180): CWebApplication->processRequest()
#10 /home/httpd/vhosts/projmgmt/index.php(15): CApplication->run()
#11 {main}
REQUEST_URI=/projmgmt/projects/update?project_id=&name=asdfasdfasd&code=SSS&description=asdf&status=ACTIVE&production_date=0011-11-01&termination_date=0011-01-01
HTTP_REFERER=http://10.11.7.11/projmgmt/index.php/projects
---
2014/04/24 11:55:45 [error] [system.db.CDbCommand] CDbCommand::execute() failed: SQLSTATE[23000]: Integrity constraint violation: 1062 Duplicate entry 'SSS' for key 'code'. The SQL statement executed was: INSERT INTO `projects` (`name`, `code`, `description`, `status`, `production_date`, `termination_date`, `date_created`, `date_updated`) VALUES (:yp0, :yp1, :yp2, :yp3, :yp4, :yp5, :yp6, :yp7).
in /home/httpd/vhosts/projmgmt/protected/controllers/ProjectsController.php (125)
in /home/httpd/vhosts/projmgmt/index.php (15)
2014/04/24 11:55:45 [error] [exception.CDbException] exception 'CDbException' with message 'CDbCommand failed to execute the SQL statement: SQLSTATE[23000]: Integrity constraint violation: 1062 Duplicate entry 'SSS' for key 'code'. The SQL statement executed was: INSERT INTO `projects` (`name`, `code`, `description`, `status`, `production_date`, `termination_date`, `date_created`, `date_updated`) VALUES (:yp0, :yp1, :yp2, :yp3, :yp4, :yp5, :yp6, :yp7)' in /home/httpd/vhosts/yiiframework/1.1.14/framework/db/CDbCommand.php:358
Stack trace:
#0 /home/httpd/vhosts/yiiframework/1.1.14/framework/db/ar/CActiveRecord.php(1077): CDbCommand->execute()
#1 /home/httpd/vhosts/yiiframework/1.1.14/framework/db/ar/CActiveRecord.php(806): CActiveRecord->insert(NULL)
#2 /home/httpd/vhosts/projmgmt/protected/controllers/ProjectsController.php(125): CActiveRecord->save()
#3 /home/httpd/vhosts/yiiframework/1.1.14/framework/web/actions/CInlineAction.php(49): ProjectsController->actionUpdate()
#4 /home/httpd/vhosts/yiiframework/1.1.14/framework/web/CController.php(308): CInlineAction->runWithParams(Array)
#5 /home/httpd/vhosts/yiiframework/1.1.14/framework/web/CController.php(286): CController->runAction(Object(CInlineAction))
#6 /home/httpd/vhosts/yiiframework/1.1.14/framework/web/CController.php(265): CController->runActionWithFilters(Object(CInlineAction), Array)
#7 /home/httpd/vhosts/yiiframework/1.1.14/framework/web/CWebApplication.php(282): CController->run('update')
#8 /home/httpd/vhosts/yiiframework/1.1.14/framework/web/CWebApplication.php(141): CWebApplication->runController('projects/update')
#9 /home/httpd/vhosts/yiiframework/1.1.14/framework/base/CApplication.php(180): CWebApplication->processRequest()
#10 /home/httpd/vhosts/projmgmt/index.php(15): CApplication->run()
#11 {main}
REQUEST_URI=/projmgmt/projects/update?project_id=&name=asdfasdfasd&code=SSS&description=asdf&status=ACTIVE&production_date=0011-11-01&termination_date=0011-01-01
---
2014/04/24 11:58:40 [error] [system.db.CDbCommand] CDbCommand::execute() failed: SQLSTATE[23000]: Integrity constraint violation: 1062 Duplicate entry 'S' for key 'code'. The SQL statement executed was: INSERT INTO `projects` (`name`, `code`, `description`, `status`, `production_date`, `termination_date`, `date_created`, `date_updated`) VALUES (:yp0, :yp1, :yp2, :yp3, :yp4, :yp5, :yp6, :yp7).
in /home/httpd/vhosts/projmgmt/protected/controllers/ProjectsController.php (125)
in /home/httpd/vhosts/projmgmt/index.php (15)
2014/04/24 11:58:40 [error] [exception.CDbException] exception 'CDbException' with message 'CDbCommand failed to execute the SQL statement: SQLSTATE[23000]: Integrity constraint violation: 1062 Duplicate entry 'S' for key 'code'. The SQL statement executed was: INSERT INTO `projects` (`name`, `code`, `description`, `status`, `production_date`, `termination_date`, `date_created`, `date_updated`) VALUES (:yp0, :yp1, :yp2, :yp3, :yp4, :yp5, :yp6, :yp7)' in /home/httpd/vhosts/yiiframework/1.1.14/framework/db/CDbCommand.php:358
Stack trace:
#0 /home/httpd/vhosts/yiiframework/1.1.14/framework/db/ar/CActiveRecord.php(1077): CDbCommand->execute()
#1 /home/httpd/vhosts/yiiframework/1.1.14/framework/db/ar/CActiveRecord.php(806): CActiveRecord->insert(NULL)
#2 /home/httpd/vhosts/projmgmt/protected/controllers/ProjectsController.php(125): CActiveRecord->save()
#3 /home/httpd/vhosts/yiiframework/1.1.14/framework/web/actions/CInlineAction.php(49): ProjectsController->actionUpdate()
#4 /home/httpd/vhosts/yiiframework/1.1.14/framework/web/CController.php(308): CInlineAction->runWithParams(Array)
#5 /home/httpd/vhosts/yiiframework/1.1.14/framework/web/CController.php(286): CController->runAction(Object(CInlineAction))
#6 /home/httpd/vhosts/yiiframework/1.1.14/framework/web/CController.php(265): CController->runActionWithFilters(Object(CInlineAction), Array)
#7 /home/httpd/vhosts/yiiframework/1.1.14/framework/web/CWebApplication.php(282): CController->run('update')
#8 /home/httpd/vhosts/yiiframework/1.1.14/framework/web/CWebApplication.php(141): CWebApplication->runController('projects/update')
#9 /home/httpd/vhosts/yiiframework/1.1.14/framework/base/CApplication.php(180): CWebApplication->processRequest()
#10 /home/httpd/vhosts/projmgmt/index.php(15): CApplication->run()
#11 {main}
REQUEST_URI=/projmgmt/projects/update?project_id=&name=asdfasdfas&code=S&description=sdfawef&status=ACTIVE&production_date=1111-01-01&termination_date=1111-01-01
HTTP_REFERER=http://10.11.7.11/projmgmt/projects
---
2014/04/24 11:59:40 [error] [php] Undefined index: code (/home/httpd/vhosts/projmgmt/protected/controllers/ProjectsController.php:108)
Stack trace:
#0 /home/httpd/vhosts/yiiframework/1.1.14/framework/web/CController.php(286): ProjectsController->runAction()
#1 /home/httpd/vhosts/yiiframework/1.1.14/framework/web/CController.php(265): ProjectsController->runActionWithFilters()
#2 /home/httpd/vhosts/yiiframework/1.1.14/framework/web/CWebApplication.php(282): ProjectsController->run()
#3 /home/httpd/vhosts/yiiframework/1.1.14/framework/web/CWebApplication.php(141): CWebApplication->runController()
#4 /home/httpd/vhosts/yiiframework/1.1.14/framework/base/CApplication.php(180): CWebApplication->processRequest()
#5 /home/httpd/vhosts/projmgmt/index.php(15): CWebApplication->run()
REQUEST_URI=/projmgmt/projects/update?project_id=&name=asdfasdfas&code%E2%80%A6fawef&status=ACTIVE&production_date=1111-01-01&termination_date=1111-01-01
in /home/httpd/vhosts/projmgmt/protected/controllers/ProjectsController.php (108)
in /home/httpd/vhosts/projmgmt/index.php (15)
2014/04/24 12:00:35 [error] [system.db.CDbCommand] CDbCommand::execute() failed: SQLSTATE[23000]: Integrity constraint violation: 1062 Duplicate entry 'ASD' for key 'code'. The SQL statement executed was: INSERT INTO `projects` (`name`, `code`, `description`, `status`, `production_date`, `termination_date`, `date_created`, `date_updated`) VALUES (:yp0, :yp1, :yp2, :yp3, :yp4, :yp5, :yp6, :yp7).
in /home/httpd/vhosts/projmgmt/protected/controllers/ProjectsController.php (125)
in /home/httpd/vhosts/projmgmt/index.php (15)
2014/04/24 12:00:35 [error] [exception.CDbException] exception 'CDbException' with message 'CDbCommand failed to execute the SQL statement: SQLSTATE[23000]: Integrity constraint violation: 1062 Duplicate entry 'ASD' for key 'code'. The SQL statement executed was: INSERT INTO `projects` (`name`, `code`, `description`, `status`, `production_date`, `termination_date`, `date_created`, `date_updated`) VALUES (:yp0, :yp1, :yp2, :yp3, :yp4, :yp5, :yp6, :yp7)' in /home/httpd/vhosts/yiiframework/1.1.14/framework/db/CDbCommand.php:358
Stack trace:
#0 /home/httpd/vhosts/yiiframework/1.1.14/framework/db/ar/CActiveRecord.php(1077): CDbCommand->execute()
#1 /home/httpd/vhosts/yiiframework/1.1.14/framework/db/ar/CActiveRecord.php(806): CActiveRecord->insert(NULL)
#2 /home/httpd/vhosts/projmgmt/protected/controllers/ProjectsController.php(125): CActiveRecord->save()
#3 /home/httpd/vhosts/yiiframework/1.1.14/framework/web/actions/CInlineAction.php(49): ProjectsController->actionUpdate()
#4 /home/httpd/vhosts/yiiframework/1.1.14/framework/web/CController.php(308): CInlineAction->runWithParams(Array)
#5 /home/httpd/vhosts/yiiframework/1.1.14/framework/web/CController.php(286): CController->runAction(Object(CInlineAction))
#6 /home/httpd/vhosts/yiiframework/1.1.14/framework/web/CController.php(265): CController->runActionWithFilters(Object(CInlineAction), Array)
#7 /home/httpd/vhosts/yiiframework/1.1.14/framework/web/CWebApplication.php(282): CController->run('update')
#8 /home/httpd/vhosts/yiiframework/1.1.14/framework/web/CWebApplication.php(141): CWebApplication->runController('projects/update')
#9 /home/httpd/vhosts/yiiframework/1.1.14/framework/base/CApplication.php(180): CWebApplication->processRequest()
#10 /home/httpd/vhosts/projmgmt/index.php(15): CApplication->run()
#11 {main}
REQUEST_URI=/projmgmt/projects/update?project_id=&name=df&code=ASD&description=asdfasdf&status=ACTIVE&production_date=0111-01-01&termination_date=0011-01-11
HTTP_REFERER=http://10.11.7.11/projmgmt/projects
---
2014/04/24 12:00:41 [error] [system.db.CDbCommand] CDbCommand::execute() failed: SQLSTATE[23000]: Integrity constraint violation: 1062 Duplicate entry 'ASD' for key 'code'. The SQL statement executed was: INSERT INTO `projects` (`name`, `code`, `description`, `status`, `production_date`, `termination_date`, `date_created`, `date_updated`) VALUES (:yp0, :yp1, :yp2, :yp3, :yp4, :yp5, :yp6, :yp7).
in /home/httpd/vhosts/projmgmt/protected/controllers/ProjectsController.php (125)
in /home/httpd/vhosts/projmgmt/index.php (15)
2014/04/24 12:00:41 [error] [exception.CDbException] exception 'CDbException' with message 'CDbCommand failed to execute the SQL statement: SQLSTATE[23000]: Integrity constraint violation: 1062 Duplicate entry 'ASD' for key 'code'. The SQL statement executed was: INSERT INTO `projects` (`name`, `code`, `description`, `status`, `production_date`, `termination_date`, `date_created`, `date_updated`) VALUES (:yp0, :yp1, :yp2, :yp3, :yp4, :yp5, :yp6, :yp7)' in /home/httpd/vhosts/yiiframework/1.1.14/framework/db/CDbCommand.php:358
Stack trace:
#0 /home/httpd/vhosts/yiiframework/1.1.14/framework/db/ar/CActiveRecord.php(1077): CDbCommand->execute()
#1 /home/httpd/vhosts/yiiframework/1.1.14/framework/db/ar/CActiveRecord.php(806): CActiveRecord->insert(NULL)
#2 /home/httpd/vhosts/projmgmt/protected/controllers/ProjectsController.php(125): CActiveRecord->save()
#3 /home/httpd/vhosts/yiiframework/1.1.14/framework/web/actions/CInlineAction.php(49): ProjectsController->actionUpdate()
#4 /home/httpd/vhosts/yiiframework/1.1.14/framework/web/CController.php(308): CInlineAction->runWithParams(Array)
#5 /home/httpd/vhosts/yiiframework/1.1.14/framework/web/CController.php(286): CController->runAction(Object(CInlineAction))
#6 /home/httpd/vhosts/yiiframework/1.1.14/framework/web/CController.php(265): CController->runActionWithFilters(Object(CInlineAction), Array)
#7 /home/httpd/vhosts/yiiframework/1.1.14/framework/web/CWebApplication.php(282): CController->run('update')
#8 /home/httpd/vhosts/yiiframework/1.1.14/framework/web/CWebApplication.php(141): CWebApplication->runController('projects/update')
#9 /home/httpd/vhosts/yiiframework/1.1.14/framework/base/CApplication.php(180): CWebApplication->processRequest()
#10 /home/httpd/vhosts/projmgmt/index.php(15): CApplication->run()
#11 {main}
REQUEST_URI=/projmgmt/projects/update?project_id=&name=df&code=ASD&description=asdfasdf&status=ACTIVE&production_date=0111-01-01&termination_date=0011-01-11
---
2014/04/24 13:33:25 [error] [system.db.CDbCommand] CDbCommand::execute() failed: SQLSTATE[23000]: Integrity constraint violation: 1062 Duplicate entry 'ASDFA' for key 'code'. The SQL statement executed was: INSERT INTO `projects` (`name`, `code`, `description`, `status`, `production_date`, `termination_date`, `date_created`, `date_updated`) VALUES (:yp0, :yp1, :yp2, :yp3, :yp4, :yp5, :yp6, :yp7).
in /home/httpd/vhosts/projmgmt/protected/controllers/ProjectsController.php (136)
in /home/httpd/vhosts/projmgmt/index.php (15)
2014/04/24 13:33:25 [error] [exception.CDbException] exception 'CDbException' with message 'CDbCommand failed to execute the SQL statement: SQLSTATE[23000]: Integrity constraint violation: 1062 Duplicate entry 'ASDFA' for key 'code'. The SQL statement executed was: INSERT INTO `projects` (`name`, `code`, `description`, `status`, `production_date`, `termination_date`, `date_created`, `date_updated`) VALUES (:yp0, :yp1, :yp2, :yp3, :yp4, :yp5, :yp6, :yp7)' in /home/httpd/vhosts/yiiframework/1.1.14/framework/db/CDbCommand.php:358
Stack trace:
#0 /home/httpd/vhosts/yiiframework/1.1.14/framework/db/ar/CActiveRecord.php(1077): CDbCommand->execute()
#1 /home/httpd/vhosts/yiiframework/1.1.14/framework/db/ar/CActiveRecord.php(806): CActiveRecord->insert(NULL)
#2 /home/httpd/vhosts/projmgmt/protected/controllers/ProjectsController.php(136): CActiveRecord->save()
#3 /home/httpd/vhosts/yiiframework/1.1.14/framework/web/actions/CInlineAction.php(49): ProjectsController->actionUpdate()
#4 /home/httpd/vhosts/yiiframework/1.1.14/framework/web/CController.php(308): CInlineAction->runWithParams(Array)
#5 /home/httpd/vhosts/yiiframework/1.1.14/framework/web/CController.php(286): CController->runAction(Object(CInlineAction))
#6 /home/httpd/vhosts/yiiframework/1.1.14/framework/web/CController.php(265): CController->runActionWithFilters(Object(CInlineAction), Array)
#7 /home/httpd/vhosts/yiiframework/1.1.14/framework/web/CWebApplication.php(282): CController->run('update')
#8 /home/httpd/vhosts/yiiframework/1.1.14/framework/web/CWebApplication.php(141): CWebApplication->runController('projects/update')
#9 /home/httpd/vhosts/yiiframework/1.1.14/framework/base/CApplication.php(180): CWebApplication->processRequest()
#10 /home/httpd/vhosts/projmgmt/index.php(15): CApplication->run()
#11 {main}
REQUEST_URI=/projmgmt/projects/update?project_id=&name=dfasdf&code=ASDFA&description=asdfasdfasdfasdf&production_date=22222-02-22&termination_date=22222-02-22
HTTP_REFERER=http://10.11.7.11/projmgmt/index.php/projects
---
2014/04/24 13:33:35 [error] [system.db.CDbCommand] CDbCommand::execute() failed: SQLSTATE[23000]: Integrity constraint violation: 1062 Duplicate entry 'ASDFA' for key 'code'. The SQL statement executed was: INSERT INTO `projects` (`name`, `code`, `description`, `status`, `production_date`, `termination_date`, `date_created`, `date_updated`) VALUES (:yp0, :yp1, :yp2, :yp3, :yp4, :yp5, :yp6, :yp7).
in /home/httpd/vhosts/projmgmt/protected/controllers/ProjectsController.php (136)
in /home/httpd/vhosts/projmgmt/index.php (15)
2014/04/24 13:33:35 [error] [exception.CDbException] exception 'CDbException' with message 'CDbCommand failed to execute the SQL statement: SQLSTATE[23000]: Integrity constraint violation: 1062 Duplicate entry 'ASDFA' for key 'code'. The SQL statement executed was: INSERT INTO `projects` (`name`, `code`, `description`, `status`, `production_date`, `termination_date`, `date_created`, `date_updated`) VALUES (:yp0, :yp1, :yp2, :yp3, :yp4, :yp5, :yp6, :yp7)' in /home/httpd/vhosts/yiiframework/1.1.14/framework/db/CDbCommand.php:358
Stack trace:
#0 /home/httpd/vhosts/yiiframework/1.1.14/framework/db/ar/CActiveRecord.php(1077): CDbCommand->execute()
#1 /home/httpd/vhosts/yiiframework/1.1.14/framework/db/ar/CActiveRecord.php(806): CActiveRecord->insert(NULL)
#2 /home/httpd/vhosts/projmgmt/protected/controllers/ProjectsController.php(136): CActiveRecord->save()
#3 /home/httpd/vhosts/yiiframework/1.1.14/framework/web/actions/CInlineAction.php(49): ProjectsController->actionUpdate()
#4 /home/httpd/vhosts/yiiframework/1.1.14/framework/web/CController.php(308): CInlineAction->runWithParams(Array)
#5 /home/httpd/vhosts/yiiframework/1.1.14/framework/web/CController.php(286): CController->runAction(Object(CInlineAction))
#6 /home/httpd/vhosts/yiiframework/1.1.14/framework/web/CController.php(265): CController->runActionWithFilters(Object(CInlineAction), Array)
#7 /home/httpd/vhosts/yiiframework/1.1.14/framework/web/CWebApplication.php(282): CController->run('update')
#8 /home/httpd/vhosts/yiiframework/1.1.14/framework/web/CWebApplication.php(141): CWebApplication->runController('projects/update')
#9 /home/httpd/vhosts/yiiframework/1.1.14/framework/base/CApplication.php(180): CWebApplication->processRequest()
#10 /home/httpd/vhosts/projmgmt/index.php(15): CApplication->run()
#11 {main}
REQUEST_URI=/projmgmt/projects/update?project_id=&name=dfasdf&code=ASDFA&description=asdfasdfasdfasdf&production_date=22222-02-22&termination_date=22222-02-22
---
2014/04/24 13:33:49 [error] [system.db.CDbCommand] CDbCommand::execute() failed: SQLSTATE[23000]: Integrity constraint violation: 1062 Duplicate entry 'ASDFA' for key 'code'. The SQL statement executed was: INSERT INTO `projects` (`name`, `code`, `description`, `status`, `production_date`, `termination_date`, `date_created`, `date_updated`) VALUES (:yp0, :yp1, :yp2, :yp3, :yp4, :yp5, :yp6, :yp7).
in /home/httpd/vhosts/projmgmt/protected/controllers/ProjectsController.php (136)
in /home/httpd/vhosts/projmgmt/index.php (15)
2014/04/24 13:33:49 [error] [exception.CDbException] exception 'CDbException' with message 'CDbCommand failed to execute the SQL statement: SQLSTATE[23000]: Integrity constraint violation: 1062 Duplicate entry 'ASDFA' for key 'code'. The SQL statement executed was: INSERT INTO `projects` (`name`, `code`, `description`, `status`, `production_date`, `termination_date`, `date_created`, `date_updated`) VALUES (:yp0, :yp1, :yp2, :yp3, :yp4, :yp5, :yp6, :yp7)' in /home/httpd/vhosts/yiiframework/1.1.14/framework/db/CDbCommand.php:358
Stack trace:
#0 /home/httpd/vhosts/yiiframework/1.1.14/framework/db/ar/CActiveRecord.php(1077): CDbCommand->execute()
#1 /home/httpd/vhosts/yiiframework/1.1.14/framework/db/ar/CActiveRecord.php(806): CActiveRecord->insert(NULL)
#2 /home/httpd/vhosts/projmgmt/protected/controllers/ProjectsController.php(136): CActiveRecord->save()
#3 /home/httpd/vhosts/yiiframework/1.1.14/framework/web/actions/CInlineAction.php(49): ProjectsController->actionUpdate()
#4 /home/httpd/vhosts/yiiframework/1.1.14/framework/web/CController.php(308): CInlineAction->runWithParams(Array)
#5 /home/httpd/vhosts/yiiframework/1.1.14/framework/web/CController.php(286): CController->runAction(Object(CInlineAction))
#6 /home/httpd/vhosts/yiiframework/1.1.14/framework/web/CController.php(265): CController->runActionWithFilters(Object(CInlineAction), Array)
#7 /home/httpd/vhosts/yiiframework/1.1.14/framework/web/CWebApplication.php(282): CController->run('update')
#8 /home/httpd/vhosts/yiiframework/1.1.14/framework/web/CWebApplication.php(141): CWebApplication->runController('projects/update')
#9 /home/httpd/vhosts/yiiframework/1.1.14/framework/base/CApplication.php(180): CWebApplication->processRequest()
#10 /home/httpd/vhosts/projmgmt/index.php(15): CApplication->run()
#11 {main}
REQUEST_URI=/projmgmt/projects/update?project_id=&name=dfasdf&code=ASDFA&description=asdfasdfasdfasdf&production_date=22222-02-22&termination_date=22222-02-22
---
2014/04/24 13:34:17 [error] [system.db.CDbCommand] CDbCommand::execute() failed: SQLSTATE[23000]: Integrity constraint violation: 1062 Duplicate entry 'ASDFA' for key 'code'. The SQL statement executed was: INSERT INTO `projects` (`name`, `code`, `description`, `status`, `production_date`, `termination_date`, `date_created`, `date_updated`) VALUES (:yp0, :yp1, :yp2, :yp3, :yp4, :yp5, :yp6, :yp7).
in /home/httpd/vhosts/projmgmt/protected/controllers/ProjectsController.php (136)
in /home/httpd/vhosts/projmgmt/index.php (15)
2014/04/24 13:34:17 [error] [exception.CDbException] exception 'CDbException' with message 'CDbCommand failed to execute the SQL statement: SQLSTATE[23000]: Integrity constraint violation: 1062 Duplicate entry 'ASDFA' for key 'code'. The SQL statement executed was: INSERT INTO `projects` (`name`, `code`, `description`, `status`, `production_date`, `termination_date`, `date_created`, `date_updated`) VALUES (:yp0, :yp1, :yp2, :yp3, :yp4, :yp5, :yp6, :yp7)' in /home/httpd/vhosts/yiiframework/1.1.14/framework/db/CDbCommand.php:358
Stack trace:
#0 /home/httpd/vhosts/yiiframework/1.1.14/framework/db/ar/CActiveRecord.php(1077): CDbCommand->execute()
#1 /home/httpd/vhosts/yiiframework/1.1.14/framework/db/ar/CActiveRecord.php(806): CActiveRecord->insert(NULL)
#2 /home/httpd/vhosts/projmgmt/protected/controllers/ProjectsController.php(136): CActiveRecord->save()
#3 /home/httpd/vhosts/yiiframework/1.1.14/framework/web/actions/CInlineAction.php(49): ProjectsController->actionUpdate()
#4 /home/httpd/vhosts/yiiframework/1.1.14/framework/web/CController.php(308): CInlineAction->runWithParams(Array)
#5 /home/httpd/vhosts/yiiframework/1.1.14/framework/web/CController.php(286): CController->runAction(Object(CInlineAction))
#6 /home/httpd/vhosts/yiiframework/1.1.14/framework/web/CController.php(265): CController->runActionWithFilters(Object(CInlineAction), Array)
#7 /home/httpd/vhosts/yiiframework/1.1.14/framework/web/CWebApplication.php(282): CController->run('update')
#8 /home/httpd/vhosts/yiiframework/1.1.14/framework/web/CWebApplication.php(141): CWebApplication->runController('projects/update')
#9 /home/httpd/vhosts/yiiframework/1.1.14/framework/base/CApplication.php(180): CWebApplication->processRequest()
#10 /home/httpd/vhosts/projmgmt/index.php(15): CApplication->run()
#11 {main}
REQUEST_URI=/projmgmt/projects/update?project_id=&name=dfasdf&code=ASDFA&description=asdfasdfasdfasdf&production_date=22222-02-22&termination_date=22222-02-22
---
2014/04/24 16:50:41 [error] [php] Undefined index: code (/home/httpd/vhosts/projmgmt/protected/controllers/ProjectsController.php:154)
Stack trace:
#0 /home/httpd/vhosts/yiiframework/1.1.14/framework/web/CController.php(286): ProjectsController->runAction()
#1 /home/httpd/vhosts/yiiframework/1.1.14/framework/web/CController.php(265): ProjectsController->runActionWithFilters()
#2 /home/httpd/vhosts/yiiframework/1.1.14/framework/web/CWebApplication.php(282): ProjectsController->run()
#3 /home/httpd/vhosts/yiiframework/1.1.14/framework/web/CWebApplication.php(141): CWebApplication->runController()
#4 /home/httpd/vhosts/yiiframework/1.1.14/framework/base/CApplication.php(180): CWebApplication->processRequest()
#5 /home/httpd/vhosts/projmgmt/index.php(15): CWebApplication->run()
REQUEST_URI=/projmgmt/projects/create
in /home/httpd/vhosts/projmgmt/protected/controllers/ProjectsController.php (154)
in /home/httpd/vhosts/projmgmt/index.php (15)
2014/04/24 16:51:18 [error] [php] Undefined index: code (/home/httpd/vhosts/projmgmt/protected/controllers/ProjectsController.php:154)
Stack trace:
#0 /home/httpd/vhosts/yiiframework/1.1.14/framework/web/CController.php(286): ProjectsController->runAction()
#1 /home/httpd/vhosts/yiiframework/1.1.14/framework/web/CController.php(265): ProjectsController->runActionWithFilters()
#2 /home/httpd/vhosts/yiiframework/1.1.14/framework/web/CWebApplication.php(282): ProjectsController->run()
#3 /home/httpd/vhosts/yiiframework/1.1.14/framework/web/CWebApplication.php(141): CWebApplication->runController()
#4 /home/httpd/vhosts/yiiframework/1.1.14/framework/base/CApplication.php(180): CWebApplication->processRequest()
#5 /home/httpd/vhosts/projmgmt/index.php(15): CWebApplication->run()
REQUEST_URI=/projmgmt/index.php/projects/create
in /home/httpd/vhosts/projmgmt/protected/controllers/ProjectsController.php (154)
in /home/httpd/vhosts/projmgmt/index.php (15)
2014/04/24 16:51:35 [error] [php] Undefined index: code (/home/httpd/vhosts/projmgmt/protected/controllers/ProjectsController.php:154)
Stack trace:
#0 /home/httpd/vhosts/yiiframework/1.1.14/framework/web/CController.php(286): ProjectsController->runAction()
#1 /home/httpd/vhosts/yiiframework/1.1.14/framework/web/CController.php(265): ProjectsController->runActionWithFilters()
#2 /home/httpd/vhosts/yiiframework/1.1.14/framework/web/CWebApplication.php(282): ProjectsController->run()
#3 /home/httpd/vhosts/yiiframework/1.1.14/framework/web/CWebApplication.php(141): CWebApplication->runController()
#4 /home/httpd/vhosts/yiiframework/1.1.14/framework/base/CApplication.php(180): CWebApplication->processRequest()
#5 /home/httpd/vhosts/projmgmt/index.php(15): CWebApplication->run()
REQUEST_URI=/projmgmt/projects/create
in /home/httpd/vhosts/projmgmt/protected/controllers/ProjectsController.php (154)
in /home/httpd/vhosts/projmgmt/index.php (15)
2014/04/24 16:55:19 [error] [php] Undefined index: code (/home/httpd/vhosts/projmgmt/protected/controllers/ProjectsController.php:154)
Stack trace:
#0 /home/httpd/vhosts/yiiframework/1.1.14/framework/web/CController.php(286): ProjectsController->runAction()
#1 /home/httpd/vhosts/yiiframework/1.1.14/framework/web/CController.php(265): ProjectsController->runActionWithFilters()
#2 /home/httpd/vhosts/yiiframework/1.1.14/framework/web/CWebApplication.php(282): ProjectsController->run()
#3 /home/httpd/vhosts/yiiframework/1.1.14/framework/web/CWebApplication.php(141): CWebApplication->runController()
#4 /home/httpd/vhosts/yiiframework/1.1.14/framework/base/CApplication.php(180): CWebApplication->processRequest()
#5 /home/httpd/vhosts/projmgmt/index.php(15): CWebApplication->run()
REQUEST_URI=/projmgmt/projects/create
in /home/httpd/vhosts/projmgmt/protected/controllers/ProjectsController.php (154)
in /home/httpd/vhosts/projmgmt/index.php (15)
2014/04/24 16:57:16 [error] [php] Undefined index: code (/home/httpd/vhosts/projmgmt/protected/controllers/ProjectsController.php:154)
Stack trace:
#0 /home/httpd/vhosts/yiiframework/1.1.14/framework/web/CController.php(286): ProjectsController->runAction()
#1 /home/httpd/vhosts/yiiframework/1.1.14/framework/web/CController.php(265): ProjectsController->runActionWithFilters()
#2 /home/httpd/vhosts/yiiframework/1.1.14/framework/web/CWebApplication.php(282): ProjectsController->run()
#3 /home/httpd/vhosts/yiiframework/1.1.14/framework/web/CWebApplication.php(141): CWebApplication->runController()
#4 /home/httpd/vhosts/yiiframework/1.1.14/framework/base/CApplication.php(180): CWebApplication->processRequest()
#5 /home/httpd/vhosts/projmgmt/index.php(15): CWebApplication->run()
REQUEST_URI=/projmgmt/projects/create
in /home/httpd/vhosts/projmgmt/protected/controllers/ProjectsController.php (154)
in /home/httpd/vhosts/projmgmt/index.php (15)
2014/04/24 16:57:31 [error] [php] Undefined index: code (/home/httpd/vhosts/projmgmt/protected/controllers/ProjectsController.php:154)
Stack trace:
#0 /home/httpd/vhosts/yiiframework/1.1.14/framework/web/CController.php(286): ProjectsController->runAction()
#1 /home/httpd/vhosts/yiiframework/1.1.14/framework/web/CController.php(265): ProjectsController->runActionWithFilters()
#2 /home/httpd/vhosts/yiiframework/1.1.14/framework/web/CWebApplication.php(282): ProjectsController->run()
#3 /home/httpd/vhosts/yiiframework/1.1.14/framework/web/CWebApplication.php(141): CWebApplication->runController()
#4 /home/httpd/vhosts/yiiframework/1.1.14/framework/base/CApplication.php(180): CWebApplication->processRequest()
#5 /home/httpd/vhosts/projmgmt/index.php(15): CWebApplication->run()
REQUEST_URI=/projmgmt/projects/create
in /home/httpd/vhosts/projmgmt/protected/controllers/ProjectsController.php (154)
in /home/httpd/vhosts/projmgmt/index.php (15)
2014/04/24 16:58:22 [error] [exception.CHttpException.400] exception 'CHttpException' with message 'The CSRF token could not be verified.' in /home/httpd/vhosts/yiiframework/1.1.14/framework/web/CHttpRequest.php:1247
Stack trace:
#0 /home/httpd/vhosts/yiiframework/1.1.14/framework/base/CComponent.php(561): CHttpRequest->validateCsrfToken(Object(CEvent))
#1 /home/httpd/vhosts/yiiframework/1.1.14/framework/base/CApplication.php(207): CComponent->raiseEvent('onBeginRequest', Object(CEvent))
#2 /home/httpd/vhosts/yiiframework/1.1.14/framework/base/CApplication.php(178): CApplication->onBeginRequest(Object(CEvent))
#3 /home/httpd/vhosts/projmgmt/index.php(15): CApplication->run()
#4 {main}
REQUEST_URI=/projmgmt/projects/create
HTTP_REFERER=http://10.11.7.11/projmgmt/index.php/projects
---
2014/04/24 16:58:31 [error] [php] Undefined index: code (/home/httpd/vhosts/projmgmt/protected/controllers/ProjectsController.php:154)
Stack trace:
#0 /home/httpd/vhosts/yiiframework/1.1.14/framework/web/CController.php(286): ProjectsController->runAction()
#1 /home/httpd/vhosts/yiiframework/1.1.14/framework/web/CController.php(265): ProjectsController->runActionWithFilters()
#2 /home/httpd/vhosts/yiiframework/1.1.14/framework/web/CWebApplication.php(282): ProjectsController->run()
#3 /home/httpd/vhosts/yiiframework/1.1.14/framework/web/CWebApplication.php(141): CWebApplication->runController()
#4 /home/httpd/vhosts/yiiframework/1.1.14/framework/base/CApplication.php(180): CWebApplication->processRequest()
#5 /home/httpd/vhosts/projmgmt/index.php(15): CWebApplication->run()
REQUEST_URI=/projmgmt/projects/create
in /home/httpd/vhosts/projmgmt/protected/controllers/ProjectsController.php (154)
in /home/httpd/vhosts/projmgmt/index.php (15)
2014/04/24 17:42:06 [error] [php] Undefined variable: _SESSION (/home/httpd/vhosts/projmgmt/protected/views/projects/projects.php:257)
Stack trace:
#0 /home/httpd/vhosts/yiiframework/1.1.14/framework/web/CController.php(869): ProjectsController->renderFile()
#1 /home/httpd/vhosts/yiiframework/1.1.14/framework/web/CController.php(782): ProjectsController->renderPartial()
#2 /home/httpd/vhosts/projmgmt/protected/controllers/ProjectsController.php(12): ProjectsController->render()
#3 /home/httpd/vhosts/yiiframework/1.1.14/framework/web/actions/CInlineAction.php(49): ProjectsController->actionIndex()
#4 /home/httpd/vhosts/yiiframework/1.1.14/framework/web/CController.php(308): CInlineAction->runWithParams()
#5 /home/httpd/vhosts/yiiframework/1.1.14/framework/web/CController.php(286): ProjectsController->runAction()
#6 /home/httpd/vhosts/yiiframework/1.1.14/framework/web/CController.php(265): ProjectsController->runActionWithFilters()
#7 /home/httpd/vhosts/yiiframework/1.1.14/framework/web/CWebApplication.php(282): ProjectsController->run()
#8 /home/httpd/vhosts/yiiframework/1.1.14/framework/web/CWebApplication.php(141): CWebApplication->runController()
#9 /home/httpd/vhosts/yiiframework/1.1.14/framework/base/CApplication.php(180): CWebApplication->processRequest()
#10 /home/httpd/vhosts/projmgmt/index.php(15): CWebApplication->run()
REQUEST_URI=/projmgmt/index.php/projects
in /home/httpd/vhosts/projmgmt/protected/views/projects/projects.php (257)
in /home/httpd/vhosts/projmgmt/protected/controllers/ProjectsController.php (12)
in /home/httpd/vhosts/projmgmt/index.php (15)
2014/04/24 17:50:07 [error] [exception.CHttpException.400] exception 'CHttpException' with message 'The CSRF token could not be verified.' in /home/httpd/vhosts/yiiframework/1.1.14/framework/web/CHttpRequest.php:1247
Stack trace:
#0 /home/httpd/vhosts/yiiframework/1.1.14/framework/base/CComponent.php(561): CHttpRequest->validateCsrfToken(Object(CEvent))
#1 /home/httpd/vhosts/yiiframework/1.1.14/framework/base/CApplication.php(207): CComponent->raiseEvent('onBeginRequest', Object(CEvent))
#2 /home/httpd/vhosts/yiiframework/1.1.14/framework/base/CApplication.php(178): CApplication->onBeginRequest(Object(CEvent))
#3 /home/httpd/vhosts/projmgmt/index.php(15): CApplication->run()
#4 {main}
REQUEST_URI=/projmgmt/projects/create
HTTP_REFERER=http://10.11.7.11/projmgmt/index.php/projects
---
2014/04/24 17:51:04 [error] [exception.CHttpException.400] exception 'CHttpException' with message 'The CSRF token could not be verified.' in /home/httpd/vhosts/yiiframework/1.1.14/framework/web/CHttpRequest.php:1247
Stack trace:
#0 /home/httpd/vhosts/yiiframework/1.1.14/framework/base/CComponent.php(561): CHttpRequest->validateCsrfToken(Object(CEvent))
#1 /home/httpd/vhosts/yiiframework/1.1.14/framework/base/CApplication.php(207): CComponent->raiseEvent('onBeginRequest', Object(CEvent))
#2 /home/httpd/vhosts/yiiframework/1.1.14/framework/base/CApplication.php(178): CApplication->onBeginRequest(Object(CEvent))
#3 /home/httpd/vhosts/projmgmt/index.php(15): CApplication->run()
#4 {main}
REQUEST_URI=/projmgmt/projects/create
HTTP_REFERER=http://10.11.7.11/projmgmt/index.php/projects
---
2014/04/24 17:51:23 [error] [exception.CHttpException.400] exception 'CHttpException' with message 'The CSRF token could not be verified.' in /home/httpd/vhosts/yiiframework/1.1.14/framework/web/CHttpRequest.php:1247
Stack trace:
#0 /home/httpd/vhosts/yiiframework/1.1.14/framework/base/CComponent.php(561): CHttpRequest->validateCsrfToken(Object(CEvent))
#1 /home/httpd/vhosts/yiiframework/1.1.14/framework/base/CApplication.php(207): CComponent->raiseEvent('onBeginRequest', Object(CEvent))
#2 /home/httpd/vhosts/yiiframework/1.1.14/framework/base/CApplication.php(178): CApplication->onBeginRequest(Object(CEvent))
#3 /home/httpd/vhosts/projmgmt/index.php(15): CApplication->run()
#4 {main}
REQUEST_URI=/projmgmt/projects/create
HTTP_REFERER=http://10.11.7.11/projmgmt/index.php/projects
---
2014/04/24 17:51:57 [error] [exception.CHttpException.400] exception 'CHttpException' with message 'The CSRF token could not be verified.' in /home/httpd/vhosts/yiiframework/1.1.14/framework/web/CHttpRequest.php:1247
Stack trace:
#0 /home/httpd/vhosts/yiiframework/1.1.14/framework/base/CComponent.php(561): CHttpRequest->validateCsrfToken(Object(CEvent))
#1 /home/httpd/vhosts/yiiframework/1.1.14/framework/base/CApplication.php(207): CComponent->raiseEvent('onBeginRequest', Object(CEvent))
#2 /home/httpd/vhosts/yiiframework/1.1.14/framework/base/CApplication.php(178): CApplication->onBeginRequest(Object(CEvent))
#3 /home/httpd/vhosts/projmgmt/index.php(15): CApplication->run()
#4 {main}
REQUEST_URI=/projmgmt/projects/create
HTTP_REFERER=http://10.11.7.11/projmgmt/index.php/projects
---
2014/04/24 17:52:13 [error] [php] Undefined index: code (/home/httpd/vhosts/projmgmt/protected/controllers/ProjectsController.php:157)
Stack trace:
#0 /home/httpd/vhosts/yiiframework/1.1.14/framework/web/CController.php(286): ProjectsController->runAction()
#1 /home/httpd/vhosts/yiiframework/1.1.14/framework/web/CController.php(265): ProjectsController->runActionWithFilters()
#2 /home/httpd/vhosts/yiiframework/1.1.14/framework/web/CWebApplication.php(282): ProjectsController->run()
#3 /home/httpd/vhosts/yiiframework/1.1.14/framework/web/CWebApplication.php(141): CWebApplication->runController()
#4 /home/httpd/vhosts/yiiframework/1.1.14/framework/base/CApplication.php(180): CWebApplication->processRequest()
#5 /home/httpd/vhosts/projmgmt/index.php(15): CWebApplication->run()
REQUEST_URI=/projmgmt/index.php/projects/create
in /home/httpd/vhosts/projmgmt/protected/controllers/ProjectsController.php (157)
in /home/httpd/vhosts/projmgmt/index.php (15)
2014/04/24 17:55:06 [error] [exception.CHttpException.400] exception 'CHttpException' with message 'The CSRF token could not be verified.' in /home/httpd/vhosts/yiiframework/1.1.14/framework/web/CHttpRequest.php:1247
Stack trace:
#0 /home/httpd/vhosts/yiiframework/1.1.14/framework/base/CComponent.php(561): CHttpRequest->validateCsrfToken(Object(CEvent))
#1 /home/httpd/vhosts/yiiframework/1.1.14/framework/base/CApplication.php(207): CComponent->raiseEvent('onBeginRequest', Object(CEvent))
#2 /home/httpd/vhosts/yiiframework/1.1.14/framework/base/CApplication.php(178): CApplication->onBeginRequest(Object(CEvent))
#3 /home/httpd/vhosts/projmgmt/index.php(15): CApplication->run()
#4 {main}
REQUEST_URI=/projmgmt/projects/create
HTTP_REFERER=http://10.11.7.11/projmgmt/index.php/projects
---
2014/04/24 18:18:43 [error] [php] Undefined index: project_id (/home/httpd/vhosts/projmgmt/protected/controllers/ProjectsController.php:135)
Stack trace:
#0 /home/httpd/vhosts/yiiframework/1.1.14/framework/web/CController.php(286): ProjectsController->runAction()
#1 /home/httpd/vhosts/yiiframework/1.1.14/framework/web/CController.php(265): ProjectsController->runActionWithFilters()
#2 /home/httpd/vhosts/yiiframework/1.1.14/framework/web/CWebApplication.php(282): ProjectsController->run()
#3 /home/httpd/vhosts/yiiframework/1.1.14/framework/web/CWebApplication.php(141): CWebApplication->runController()
#4 /home/httpd/vhosts/yiiframework/1.1.14/framework/base/CApplication.php(180): CWebApplication->processRequest()
#5 /home/httpd/vhosts/projmgmt/index.php(15): CWebApplication->run()
REQUEST_URI=/projmgmt/projects/update
in /home/httpd/vhosts/projmgmt/protected/controllers/ProjectsController.php (135)
in /home/httpd/vhosts/projmgmt/index.php (15)
2014/04/24 18:27:44 [error] [exception.CHttpException.400] exception 'CHttpException' with message 'The CSRF token could not be verified.' in /home/httpd/vhosts/yiiframework/1.1.14/framework/web/CHttpRequest.php:1247
Stack trace:
#0 /home/httpd/vhosts/yiiframework/1.1.14/framework/base/CComponent.php(561): CHttpRequest->validateCsrfToken(Object(CEvent))
#1 /home/httpd/vhosts/yiiframework/1.1.14/framework/base/CApplication.php(207): CComponent->raiseEvent('onBeginRequest', Object(CEvent))
#2 /home/httpd/vhosts/yiiframework/1.1.14/framework/base/CApplication.php(178): CApplication->onBeginRequest(Object(CEvent))
#3 /home/httpd/vhosts/projmgmt/index.php(15): CApplication->run()
#4 {main}
REQUEST_URI=/projmgmt/projects/create
HTTP_REFERER=http://10.11.7.11/projmgmt/index.php/projects
---
2014/04/24 18:27:56 [error] [php] Undefined index: code (/home/httpd/vhosts/projmgmt/protected/controllers/ProjectsController.php:155)
Stack trace:
#0 /home/httpd/vhosts/yiiframework/1.1.14/framework/web/CController.php(286): ProjectsController->runAction()
#1 /home/httpd/vhosts/yiiframework/1.1.14/framework/web/CController.php(265): ProjectsController->runActionWithFilters()
#2 /home/httpd/vhosts/yiiframework/1.1.14/framework/web/CWebApplication.php(282): ProjectsController->run()
#3 /home/httpd/vhosts/yiiframework/1.1.14/framework/web/CWebApplication.php(141): CWebApplication->runController()
#4 /home/httpd/vhosts/yiiframework/1.1.14/framework/base/CApplication.php(180): CWebApplication->processRequest()
#5 /home/httpd/vhosts/projmgmt/index.php(15): CWebApplication->run()
REQUEST_URI=/projmgmt/projects/create
in /home/httpd/vhosts/projmgmt/protected/controllers/ProjectsController.php (155)
in /home/httpd/vhosts/projmgmt/index.php (15)
2014/04/24 18:35:22 [error] [exception.CHttpException.400] exception 'CHttpException' with message 'The CSRF token could not be verified.' in /home/httpd/vhosts/yiiframework/1.1.14/framework/web/CHttpRequest.php:1247
Stack trace:
#0 /home/httpd/vhosts/yiiframework/1.1.14/framework/base/CComponent.php(561): CHttpRequest->validateCsrfToken(Object(CEvent))
#1 /home/httpd/vhosts/yiiframework/1.1.14/framework/base/CApplication.php(207): CComponent->raiseEvent('onBeginRequest', Object(CEvent))
#2 /home/httpd/vhosts/yiiframework/1.1.14/framework/base/CApplication.php(178): CApplication->onBeginRequest(Object(CEvent))
#3 /home/httpd/vhosts/projmgmt/index.php(15): CApplication->run()
#4 {main}
REQUEST_URI=/projmgmt/projects/update
HTTP_REFERER=http://10.11.7.11/projmgmt/index.php/projects
---
