2014/07/10 10:38:12 [error] [exception.CException] exception 'CException' with message 'CLogRouter and its behaviors do not have a method or closure named "getLogPath".' in /home/httpd/vhosts/yiiframework/1.1.14/framework/base/CComponent.php:266
Stack trace:
#0 /home/httpd/vhosts/pamgmt/protected/views/site/ldap.php(24): CComponent->__call('getLogPath', Array)
#1 /home/httpd/vhosts/pamgmt/protected/views/site/ldap.php(24): CLogRouter->getLogPath()
#2 /home/httpd/vhosts/yiiframework/1.1.14/framework/web/CBaseController.php(126): require('/home/httpd/vho...')
#3 /home/httpd/vhosts/yiiframework/1.1.14/framework/web/CBaseController.php(95): CBaseController->renderInternal('/home/httpd/vho...', NULL, true)
#4 /home/httpd/vhosts/yiiframework/1.1.14/framework/web/CController.php(869): CBaseController->renderFile('/home/httpd/vho...', NULL, true)
#5 /home/httpd/vhosts/yiiframework/1.1.14/framework/web/CController.php(782): CController->renderPartial('//site/ldap', NULL, true)
#6 /home/httpd/vhosts/pamgmt/protected/controllers/LdapController.php(35): CController->render('//site/ldap')
#7 /home/httpd/vhosts/yiiframework/1.1.14/framework/web/actions/CInlineAction.php(49): LdapController->actionIndex()
#8 /home/httpd/vhosts/yiiframework/1.1.14/framework/web/CController.php(308): CInlineAction->runWithParams(Array)
#9 /home/httpd/vhosts/yiiframework/1.1.14/framework/web/filters/CFilterChain.php(133): CController->runAction(Object(CInlineAction))
#10 /home/httpd/vhosts/yiiframework/1.1.14/framework/web/filters/CFilter.php(40): CFilterChain->run()
#11 /home/httpd/vhosts/yiiframework/1.1.14/framework/web/CController.php(1145): CFilter->filter(Object(CFilterChain))
#12 /home/httpd/vhosts/yiiframework/1.1.14/framework/web/filters/CInlineFilter.php(58): CController->filterAccessControl(Object(CFilterChain))
#13 /home/httpd/vhosts/yiiframework/1.1.14/framework/web/filters/CFilterChain.php(130): CInlineFilter->filter(Object(CFilterChain))
#14 /home/httpd/vhosts/yiiframework/1.1.14/framework/web/CController.php(291): CFilterChain->run()
#15 /home/httpd/vhosts/yiiframework/1.1.14/framework/web/CController.php(265): CController->runActionWithFilters(Object(CInlineAction), Array)
#16 /home/httpd/vhosts/yiiframework/1.1.14/framework/web/CWebApplication.php(282): CController->run('index')
#17 /home/httpd/vhosts/yiiframework/1.1.14/framework/web/CWebApplication.php(141): CWebApplication->runController('ldap/index')
#18 /home/httpd/vhosts/yiiframework/1.1.14/framework/base/CApplication.php(180): CWebApplication->processRequest()
#19 /home/httpd/vhosts/pamgmt/index.php(15): CApplication->run()
#20 {main}
REQUEST_URI=/pamgmt/ldap
HTTP_REFERER=http://10.11.7.11/pamgmt/applications
---
2014/07/10 10:39:00 [error] [php] Object of class CMap could not be converted to string (/home/httpd/vhosts/pamgmt/protected/views/site/ldap.php:24)
Stack trace:
#0 /home/httpd/vhosts/yiiframework/1.1.14/framework/web/CController.php(869): LdapController->renderFile()
#1 /home/httpd/vhosts/yiiframework/1.1.14/framework/web/CController.php(782): LdapController->renderPartial()
#2 /home/httpd/vhosts/pamgmt/protected/controllers/LdapController.php(35): LdapController->render()
#3 /home/httpd/vhosts/yiiframework/1.1.14/framework/web/actions/CInlineAction.php(49): LdapController->actionIndex()
#4 /home/httpd/vhosts/yiiframework/1.1.14/framework/web/CController.php(308): CInlineAction->runWithParams()
#5 /home/httpd/vhosts/yiiframework/1.1.14/framework/web/filters/CFilterChain.php(133): LdapController->runAction()
#6 /home/httpd/vhosts/yiiframework/1.1.14/framework/web/filters/CFilter.php(40): CFilterChain->run()
#7 /home/httpd/vhosts/yiiframework/1.1.14/framework/web/CController.php(1145): CAccessControlFilter->filter()
#8 /home/httpd/vhosts/yiiframework/1.1.14/framework/web/filters/CInlineFilter.php(58): LdapController->filterAccessControl()
#9 /home/httpd/vhosts/yiiframework/1.1.14/framework/web/filters/CFilterChain.php(130): CInlineFilter->filter()
#10 /home/httpd/vhosts/yiiframework/1.1.14/framework/web/CController.php(291): CFilterChain->run()
#11 /home/httpd/vhosts/yiiframework/1.1.14/framework/web/CController.php(265): LdapController->runActionWithFilters()
#12 /home/httpd/vhosts/yiiframework/1.1.14/framework/web/CWebApplication.php(282): LdapController->run()
#13 /home/httpd/vhosts/yiiframework/1.1.14/framework/web/CWebApplication.php(141): CWebApplication->runController()
#14 /home/httpd/vhosts/yiiframework/1.1.14/framework/base/CApplication.php(180): CWebApplication->processRequest()
#15 /home/httpd/vhosts/pamgmt/index.php(15): CWebApplication->run()
REQUEST_URI=/pamgmt/ldap
in /home/httpd/vhosts/pamgmt/protected/views/site/ldap.php (24)
in /home/httpd/vhosts/pamgmt/protected/controllers/LdapController.php (35)
in /home/httpd/vhosts/pamgmt/index.php (15)
2014/07/23 23:10:01 [error] [exception.CDbException] exception 'CDbException' with message 'CDbConnection failed to open the DB connection: SQLSTATE[HY000] [2002] A connection attempt failed because the connected party did not properly respond after a period of time, or established connection failed because connected host has failed to respond.
' in C:\wamp\www\yii-1.1.14.f0fee9\framework\db\CDbConnection.php:382
Stack trace:
#0 C:\wamp\www\yii-1.1.14.f0fee9\framework\db\CDbConnection.php(330): CDbConnection->open()
#1 C:\wamp\www\yii-1.1.14.f0fee9\framework\db\CDbConnection.php(308): CDbConnection->setActive(true)
#2 C:\wamp\www\yii-1.1.14.f0fee9\framework\base\CModule.php(387): CDbConnection->init()
#3 C:\wamp\www\yii-1.1.14.f0fee9\framework\web\CDbHttpSession.php(175): CModule->getComponent('db')
#4 C:\wamp\www\yii-1.1.14.f0fee9\framework\web\CDbHttpSession.php(199): CDbHttpSession->getDbConnection()
#5 [internal function]: CDbHttpSession->openSession('c:/wamp/tmp', 'PHPSESSID')
#6 C:\wamp\www\yii-1.1.14.f0fee9\framework\web\CHttpSession.php(114): session_start()
#7 C:\wamp\www\yii-1.1.14.f0fee9\framework\web\auth\CWebUser.php(199): CHttpSession->open()
#8 C:\wamp\www\yii-1.1.14.f0fee9\framework\base\CModule.php(387): CWebUser->init()
#9 C:\wamp\www\yii-1.1.14.f0fee9\framework\web\CWebApplication.php(209): CModule->getComponent('user')
#10 C:\wamp\www\yii-1.1.14.f0fee9\framework\web\auth\CAccessControlFilter.php(132): CWebApplication->getUser()
#11 C:\wamp\www\yii-1.1.14.f0fee9\framework\web\filters\CFilter.php(38): CAccessControlFilter->preFilter(Object(CFilterChain))
#12 C:\wamp\www\yii-1.1.14.f0fee9\framework\web\CController.php(1145): CFilter->filter(Object(CFilterChain))
#13 C:\wamp\www\yii-1.1.14.f0fee9\framework\web\filters\CInlineFilter.php(58): CController->filterAccessControl(Object(CFilterChain))
#14 C:\wamp\www\yii-1.1.14.f0fee9\framework\web\filters\CFilterChain.php(130): CInlineFilter->filter(Object(CFilterChain))
#15 C:\wamp\www\yii-1.1.14.f0fee9\framework\web\CController.php(291): CFilterChain->run()
#16 C:\wamp\www\yii-1.1.14.f0fee9\framework\web\CController.php(265): CController->runActionWithFilters(Object(CInlineAction), Array)
#17 C:\wamp\www\yii-1.1.14.f0fee9\framework\web\CWebApplication.php(282): CController->run('')
#18 C:\wamp\www\yii-1.1.14.f0fee9\framework\web\CWebApplication.php(141): CWebApplication->runController('site')
#19 C:\wamp\www\yii-1.1.14.f0fee9\framework\base\CApplication.php(180): CWebApplication->processRequest()
#20 C:\wamp\www\pamgmt\index.php(16): CApplication->run()
#21 {main}
REQUEST_URI=/pamgmt/
---
2014/07/23 23:12:36 [error] [php] Non-static method UserIdentity::encrypt_decrypt() should not be called statically, assuming $this from incompatible context (C:\wamp\www\pamgmt\protected\models\LoginForm.php:81)
Stack trace:
#0 C:\wamp\www\yii-1.1.14.f0fee9\framework\web\CController.php(308): CInlineAction->runWithParams()
#1 C:\wamp\www\yii-1.1.14.f0fee9\framework\web\filters\CFilterChain.php(133): SiteController->runAction()
#2 C:\wamp\www\yii-1.1.14.f0fee9\framework\web\filters\CFilter.php(40): CFilterChain->run()
#3 C:\wamp\www\yii-1.1.14.f0fee9\framework\web\CController.php(1145): CAccessControlFilter->filter()
#4 C:\wamp\www\yii-1.1.14.f0fee9\framework\web\filters\CInlineFilter.php(58): SiteController->filterAccessControl()
#5 C:\wamp\www\yii-1.1.14.f0fee9\framework\web\filters\CFilterChain.php(130): CInlineFilter->filter()
#6 C:\wamp\www\yii-1.1.14.f0fee9\framework\web\CController.php(291): CFilterChain->run()
#7 C:\wamp\www\yii-1.1.14.f0fee9\framework\web\CController.php(265): SiteController->runActionWithFilters()
#8 C:\wamp\www\yii-1.1.14.f0fee9\framework\web\CWebApplication.php(282): SiteController->run()
#9 C:\wamp\www\yii-1.1.14.f0fee9\framework\web\CWebApplication.php(141): CWebApplication->runController()
#10 C:\wamp\www\yii-1.1.14.f0fee9\framework\base\CApplication.php(180): CWebApplication->processRequest()
#11 C:\wamp\www\pamgmt\index.php(16): CWebApplication->run()
REQUEST_URI=/pamgmt/login
in C:\wamp\www\pamgmt\protected\models\LoginForm.php (81)
in C:\wamp\www\pamgmt\protected\controllers\SiteController.php (71)
in C:\wamp\www\pamgmt\index.php (16)
2016/02/23 13:39:58 [error] [php] ldap_start_tls(): Unable to start TLS: Can't contact LDAP server (C:\wamp\www\pamgmt\protected\components\LDAPQuery.php:28)
Stack trace:
#0 C:\wamp\www\pamgmt\protected\controllers\LdapController.php(44): LDAPModel->get_users_list()
#1 C:\wamp\www\yii-1.1.14.f0fee9\framework\web\actions\CInlineAction.php(49): LdapController->actionSync()
#2 C:\wamp\www\yii-1.1.14.f0fee9\framework\web\CController.php(308): CInlineAction->runWithParams()
#3 C:\wamp\www\yii-1.1.14.f0fee9\framework\web\filters\CFilterChain.php(133): LdapController->runAction()
#4 C:\wamp\www\yii-1.1.14.f0fee9\framework\web\CController.php(1130): CFilterChain->run()
#5 C:\wamp\www\yii-1.1.14.f0fee9\framework\web\filters\CInlineFilter.php(58): LdapController->filterAjaxOnly()
#6 C:\wamp\www\yii-1.1.14.f0fee9\framework\web\filters\CFilterChain.php(130): CInlineFilter->filter()
#7 C:\wamp\www\yii-1.1.14.f0fee9\framework\web\CController.php(1116): CFilterChain->run()
#8 C:\wamp\www\yii-1.1.14.f0fee9\framework\web\filters\CInlineFilter.php(58): LdapController->filterPostOnly()
#9 C:\wamp\www\yii-1.1.14.f0fee9\framework\web\filters\CFilterChain.php(130): CInlineFilter->filter()
#10 C:\wamp\www\yii-1.1.14.f0fee9\framework\web\filters\CFilter.php(40): CFilterChain->run()
#11 C:\wamp\www\yii-1.1.14.f0fee9\framework\web\CController.php(1145): CAccessControlFilter->filter()
#12 C:\wamp\www\yii-1.1.14.f0fee9\framework\web\filters\CInlineFilter.php(58): LdapController->filterAccessControl()
#13 C:\wamp\www\yii-1.1.14.f0fee9\framework\web\filters\CFilterChain.php(130): CInlineFilter->filter()
#14 C:\wamp\www\yii-1.1.14.f0fee9\framework\web\CController.php(291): CFilterChain->run()
#15 C:\wamp\www\yii-1.1.14.f0fee9\framework\web\CController.php(265): LdapController->runActionWithFilters()
#16 C:\wamp\www\yii-1.1.14.f0fee9\framework\web\CWebApplication.php(282): LdapController->run()
#17 C:\wamp\www\yii-1.1.14.f0fee9\framework\web\CWebApplication.php(141): CWebApplication->runController()
#18 C:\wamp\www\yii-1.1.14.f0fee9\framework\base\CApplication.php(180): CWebApplication->processRequest()
#19 C:\wamp\www\pamgmt\index.php(16): CWebApplication->run()
REQUEST_URI=/pamgmt/ldap/sync
in C:\wamp\www\pamgmt\protected\components\LDAPQuery.php (28)
in C:\wamp\www\pamgmt\protected\models\LDAPModel.php (57)
in C:\wamp\www\pamgmt\protected\controllers\LdapController.php (44)
in C:\wamp\www\pamgmt\index.php (16)
